Analysis & Synthesis report for wm
Fri Oct 30 15:37:47 2015
Quartus II 64-Bit Version 13.0.0 Build 156 04/24/2013 SJ Web Edition


---------------------
; Table of Contents ;
---------------------
  1. Legal Notice
  2. Analysis & Synthesis Summary
  3. Analysis & Synthesis Settings
  4. Parallel Compilation
  5. Analysis & Synthesis Source Files Read
  6. Analysis & Synthesis Resource Usage Summary
  7. Analysis & Synthesis Resource Utilization by Entity
  8. User-Specified and Inferred Latches
  9. Registers Removed During Synthesis
 10. General Register Statistics
 11. Inverted Register Statistics
 12. Multiplexer Restructuring Statistics (Restructuring Performed)
 13. Parameter Settings for User Entity Instance: Top-level Entity: |washingmachine_top
 14. Parameter Settings for Inferred Entity Instance: get_time:g|lpm_divide:Mod0
 15. Parameter Settings for Inferred Entity Instance: get_time:g|lpm_divide:Div0
 16. Parameter Settings for Inferred Entity Instance: display_time:d|lpm_divide:Mod1
 17. Parameter Settings for Inferred Entity Instance: get_time:g|lpm_divide:Div1
 18. Parameter Settings for Inferred Entity Instance: display_time:d|lpm_divide:Div0
 19. Parameter Settings for Inferred Entity Instance: display_time:d|lpm_divide:Mod0
 20. Parameter Settings for Inferred Entity Instance: display_time:d|lpm_divide:Div1
 21. Parameter Settings for Inferred Entity Instance: get_time:g|lpm_mult:Mult0
 22. lpm_mult Parameter Settings by Entity Instance
 23. Elapsed Time Per Partition
 24. Analysis & Synthesis Messages



----------------
; Legal Notice ;
----------------
Copyright (C) 1991-2013 Altera Corporation
Your use of Altera Corporation's design tools, logic functions 
and other software and tools, and its AMPP partner logic 
functions, and any output files from any of the foregoing 
(including device programming or simulation files), and any 
associated documentation or information are expressly subject 
to the terms and conditions of the Altera Program License 
Subscription Agreement, Altera MegaCore Function License 
Agreement, or other applicable license agreement, including, 
without limitation, that your use is for the sole purpose of 
programming logic devices manufactured by Altera and sold by 
Altera or its authorized distributors.  Please refer to the 
applicable agreement for further details.



+---------------------------------------------------------------------------------+
; Analysis & Synthesis Summary                                                    ;
+------------------------------------+--------------------------------------------+
; Analysis & Synthesis Status        ; Successful - Fri Oct 30 15:37:47 2015      ;
; Quartus II 64-Bit Version          ; 13.0.0 Build 156 04/24/2013 SJ Web Edition ;
; Revision Name                      ; wm                                         ;
; Top-level Entity Name              ; washingmachine_top                         ;
; Family                             ; Cyclone III                                ;
; Total logic elements               ; 1,068                                      ;
;     Total combinational functions  ; 1,068                                      ;
;     Dedicated logic registers      ; 147                                        ;
; Total registers                    ; 147                                        ;
; Total pins                         ; 30                                         ;
; Total virtual pins                 ; 0                                          ;
; Total memory bits                  ; 0                                          ;
; Embedded Multiplier 9-bit elements ; 0                                          ;
; Total PLLs                         ; 0                                          ;
+------------------------------------+--------------------------------------------+


+----------------------------------------------------------------------------------------------------------------------+
; Analysis & Synthesis Settings                                                                                        ;
+----------------------------------------------------------------------------+--------------------+--------------------+
; Option                                                                     ; Setting            ; Default Value      ;
+----------------------------------------------------------------------------+--------------------+--------------------+
; Device                                                                     ; EP3C25Q240C8       ;                    ;
; Top-level entity name                                                      ; washingmachine_top ; wm                 ;
; Family name                                                                ; Cyclone III        ; Cyclone IV GX      ;
; Use smart compilation                                                      ; Off                ; Off                ;
; Enable parallel Assembler and TimeQuest Timing Analyzer during compilation ; On                 ; On                 ;
; Enable compact report table                                                ; Off                ; Off                ;
; Restructure Multiplexers                                                   ; Auto               ; Auto               ;
; Create Debugging Nodes for IP Cores                                        ; Off                ; Off                ;
; Preserve fewer node names                                                  ; On                 ; On                 ;
; Disable OpenCore Plus hardware evaluation                                  ; Off                ; Off                ;
; Verilog Version                                                            ; Verilog_2001       ; Verilog_2001       ;
; VHDL Version                                                               ; VHDL_1993          ; VHDL_1993          ;
; State Machine Processing                                                   ; Auto               ; Auto               ;
; Safe State Machine                                                         ; Off                ; Off                ;
; Extract Verilog State Machines                                             ; On                 ; On                 ;
; Extract VHDL State Machines                                                ; On                 ; On                 ;
; Ignore Verilog initial constructs                                          ; Off                ; Off                ;
; Iteration limit for constant Verilog loops                                 ; 5000               ; 5000               ;
; Iteration limit for non-constant Verilog loops                             ; 250                ; 250                ;
; Add Pass-Through Logic to Inferred RAMs                                    ; On                 ; On                 ;
; Infer RAMs from Raw Logic                                                  ; On                 ; On                 ;
; Parallel Synthesis                                                         ; On                 ; On                 ;
; DSP Block Balancing                                                        ; Auto               ; Auto               ;
; NOT Gate Push-Back                                                         ; On                 ; On                 ;
; Power-Up Don't Care                                                        ; On                 ; On                 ;
; Remove Redundant Logic Cells                                               ; Off                ; Off                ;
; Remove Duplicate Registers                                                 ; On                 ; On                 ;
; Ignore CARRY Buffers                                                       ; Off                ; Off                ;
; Ignore CASCADE Buffers                                                     ; Off                ; Off                ;
; Ignore GLOBAL Buffers                                                      ; Off                ; Off                ;
; Ignore ROW GLOBAL Buffers                                                  ; Off                ; Off                ;
; Ignore LCELL Buffers                                                       ; Off                ; Off                ;
; Ignore SOFT Buffers                                                        ; On                 ; On                 ;
; Limit AHDL Integers to 32 Bits                                             ; Off                ; Off                ;
; Optimization Technique                                                     ; Balanced           ; Balanced           ;
; Carry Chain Length                                                         ; 70                 ; 70                 ;
; Auto Carry Chains                                                          ; On                 ; On                 ;
; Auto Open-Drain Pins                                                       ; On                 ; On                 ;
; Perform WYSIWYG Primitive Resynthesis                                      ; Off                ; Off                ;
; Auto ROM Replacement                                                       ; On                 ; On                 ;
; Auto RAM Replacement                                                       ; On                 ; On                 ;
; Auto DSP Block Replacement                                                 ; On                 ; On                 ;
; Auto Shift Register Replacement                                            ; Auto               ; Auto               ;
; Allow Shift Register Merging across Hierarchies                            ; Auto               ; Auto               ;
; Auto Clock Enable Replacement                                              ; On                 ; On                 ;
; Strict RAM Replacement                                                     ; Off                ; Off                ;
; Allow Synchronous Control Signals                                          ; On                 ; On                 ;
; Force Use of Synchronous Clear Signals                                     ; Off                ; Off                ;
; Auto RAM Block Balancing                                                   ; On                 ; On                 ;
; Auto RAM to Logic Cell Conversion                                          ; Off                ; Off                ;
; Auto Resource Sharing                                                      ; Off                ; Off                ;
; Allow Any RAM Size For Recognition                                         ; Off                ; Off                ;
; Allow Any ROM Size For Recognition                                         ; Off                ; Off                ;
; Allow Any Shift Register Size For Recognition                              ; Off                ; Off                ;
; Use LogicLock Constraints during Resource Balancing                        ; On                 ; On                 ;
; Ignore translate_off and synthesis_off directives                          ; Off                ; Off                ;
; Timing-Driven Synthesis                                                    ; On                 ; On                 ;
; Report Parameter Settings                                                  ; On                 ; On                 ;
; Report Source Assignments                                                  ; On                 ; On                 ;
; Report Connectivity Checks                                                 ; On                 ; On                 ;
; Ignore Maximum Fan-Out Assignments                                         ; Off                ; Off                ;
; Synchronization Register Chain Length                                      ; 2                  ; 2                  ;
; PowerPlay Power Optimization                                               ; Normal compilation ; Normal compilation ;
; HDL message level                                                          ; Level2             ; Level2             ;
; Suppress Register Optimization Related Messages                            ; Off                ; Off                ;
; Number of Removed Registers Reported in Synthesis Report                   ; 5000               ; 5000               ;
; Number of Swept Nodes Reported in Synthesis Report                         ; 5000               ; 5000               ;
; Number of Inverted Registers Reported in Synthesis Report                  ; 100                ; 100                ;
; Clock MUX Protection                                                       ; On                 ; On                 ;
; Auto Gated Clock Conversion                                                ; Off                ; Off                ;
; Block Design Naming                                                        ; Auto               ; Auto               ;
; SDC constraint protection                                                  ; Off                ; Off                ;
; Synthesis Effort                                                           ; Auto               ; Auto               ;
; Shift Register Replacement - Allow Asynchronous Clear Signal               ; On                 ; On                 ;
; Pre-Mapping Resynthesis Optimization                                       ; Off                ; Off                ;
; Analysis & Synthesis Message Level                                         ; Medium             ; Medium             ;
; Disable Register Merging Across Hierarchies                                ; Auto               ; Auto               ;
; Resource Aware Inference For Block RAM                                     ; On                 ; On                 ;
; Synthesis Seed                                                             ; 1                  ; 1                  ;
+----------------------------------------------------------------------------+--------------------+--------------------+


Parallel compilation was disabled, but you have multiple processors available. Enable parallel compilation to reduce compilation time.
+-------------------------------------+
; Parallel Compilation                ;
+----------------------------+--------+
; Processors                 ; Number ;
+----------------------------+--------+
; Number detected on machine ; 4      ;
; Maximum allowed            ; 1      ;
+----------------------------+--------+


+-------------------------------------------------------------------------------------------------------------------------------------------------------------------+
; Analysis & Synthesis Source Files Read                                                                                                                            ;
+----------------------------------+-----------------+------------------------------+---------------------------------------------------------------------+---------+
; File Name with User-Entered Path ; Used in Netlist ; File Type                    ; File Name with Absolute Path                                        ; Library ;
+----------------------------------+-----------------+------------------------------+---------------------------------------------------------------------+---------+
; washingmachine_top.v             ; yes             ; User Verilog HDL File        ; C:/Users/dt/FDU/eelab/wm/washingmachine_top.v                       ;         ;
; timer.v                          ; yes             ; User Verilog HDL File        ; C:/Users/dt/FDU/eelab/wm/timer.v                                    ;         ;
; get_time.v                       ; yes             ; User Verilog HDL File        ; C:/Users/dt/FDU/eelab/wm/get_time.v                                 ;         ;
; display_time.v                   ; yes             ; User Verilog HDL File        ; C:/Users/dt/FDU/eelab/wm/display_time.v                             ;         ;
; lpm_divide.tdf                   ; yes             ; Megafunction                 ; c:/altera13/quartus/libraries/megafunctions/lpm_divide.tdf          ;         ;
; abs_divider.inc                  ; yes             ; Megafunction                 ; c:/altera13/quartus/libraries/megafunctions/abs_divider.inc         ;         ;
; sign_div_unsign.inc              ; yes             ; Megafunction                 ; c:/altera13/quartus/libraries/megafunctions/sign_div_unsign.inc     ;         ;
; aglobal130.inc                   ; yes             ; Megafunction                 ; c:/altera13/quartus/libraries/megafunctions/aglobal130.inc          ;         ;
; db/lpm_divide_s9m.tdf            ; yes             ; Auto-Generated Megafunction  ; C:/Users/dt/FDU/eelab/wm/db/lpm_divide_s9m.tdf                      ;         ;
; db/sign_div_unsign_qlh.tdf       ; yes             ; Auto-Generated Megafunction  ; C:/Users/dt/FDU/eelab/wm/db/sign_div_unsign_qlh.tdf                 ;         ;
; db/alt_u_div_v5f.tdf             ; yes             ; Auto-Generated Megafunction  ; C:/Users/dt/FDU/eelab/wm/db/alt_u_div_v5f.tdf                       ;         ;
; db/add_sub_unc.tdf               ; yes             ; Auto-Generated Megafunction  ; C:/Users/dt/FDU/eelab/wm/db/add_sub_unc.tdf                         ;         ;
; db/add_sub_vnc.tdf               ; yes             ; Auto-Generated Megafunction  ; C:/Users/dt/FDU/eelab/wm/db/add_sub_vnc.tdf                         ;         ;
; db/lpm_divide_6jm.tdf            ; yes             ; Auto-Generated Megafunction  ; C:/Users/dt/FDU/eelab/wm/db/lpm_divide_6jm.tdf                      ;         ;
; db/sign_div_unsign_7nh.tdf       ; yes             ; Auto-Generated Megafunction  ; C:/Users/dt/FDU/eelab/wm/db/sign_div_unsign_7nh.tdf                 ;         ;
; db/alt_u_div_p8f.tdf             ; yes             ; Auto-Generated Megafunction  ; C:/Users/dt/FDU/eelab/wm/db/alt_u_div_p8f.tdf                       ;         ;
; db/lpm_divide_d8m.tdf            ; yes             ; Auto-Generated Megafunction  ; C:/Users/dt/FDU/eelab/wm/db/lpm_divide_d8m.tdf                      ;         ;
; db/sign_div_unsign_bkh.tdf       ; yes             ; Auto-Generated Megafunction  ; C:/Users/dt/FDU/eelab/wm/db/sign_div_unsign_bkh.tdf                 ;         ;
; db/alt_u_div_13f.tdf             ; yes             ; Auto-Generated Megafunction  ; C:/Users/dt/FDU/eelab/wm/db/alt_u_div_13f.tdf                       ;         ;
; db/lpm_divide_phm.tdf            ; yes             ; Auto-Generated Megafunction  ; C:/Users/dt/FDU/eelab/wm/db/lpm_divide_phm.tdf                      ;         ;
; db/lpm_divide_agm.tdf            ; yes             ; Auto-Generated Megafunction  ; C:/Users/dt/FDU/eelab/wm/db/lpm_divide_agm.tdf                      ;         ;
; lpm_mult.tdf                     ; yes             ; Megafunction                 ; c:/altera13/quartus/libraries/megafunctions/lpm_mult.tdf            ;         ;
; lpm_add_sub.inc                  ; yes             ; Megafunction                 ; c:/altera13/quartus/libraries/megafunctions/lpm_add_sub.inc         ;         ;
; multcore.inc                     ; yes             ; Megafunction                 ; c:/altera13/quartus/libraries/megafunctions/multcore.inc            ;         ;
; bypassff.inc                     ; yes             ; Megafunction                 ; c:/altera13/quartus/libraries/megafunctions/bypassff.inc            ;         ;
; altshift.inc                     ; yes             ; Megafunction                 ; c:/altera13/quartus/libraries/megafunctions/altshift.inc            ;         ;
; multcore.tdf                     ; yes             ; Megafunction                 ; c:/altera13/quartus/libraries/megafunctions/multcore.tdf            ;         ;
; csa_add.inc                      ; yes             ; Megafunction                 ; c:/altera13/quartus/libraries/megafunctions/csa_add.inc             ;         ;
; mpar_add.inc                     ; yes             ; Megafunction                 ; c:/altera13/quartus/libraries/megafunctions/mpar_add.inc            ;         ;
; muleabz.inc                      ; yes             ; Megafunction                 ; c:/altera13/quartus/libraries/megafunctions/muleabz.inc             ;         ;
; mul_lfrg.inc                     ; yes             ; Megafunction                 ; c:/altera13/quartus/libraries/megafunctions/mul_lfrg.inc            ;         ;
; mul_boothc.inc                   ; yes             ; Megafunction                 ; c:/altera13/quartus/libraries/megafunctions/mul_boothc.inc          ;         ;
; alt_ded_mult.inc                 ; yes             ; Megafunction                 ; c:/altera13/quartus/libraries/megafunctions/alt_ded_mult.inc        ;         ;
; alt_ded_mult_y.inc               ; yes             ; Megafunction                 ; c:/altera13/quartus/libraries/megafunctions/alt_ded_mult_y.inc      ;         ;
; dffpipe.inc                      ; yes             ; Megafunction                 ; c:/altera13/quartus/libraries/megafunctions/dffpipe.inc             ;         ;
; mpar_add.tdf                     ; yes             ; Megafunction                 ; c:/altera13/quartus/libraries/megafunctions/mpar_add.tdf            ;         ;
; lpm_add_sub.tdf                  ; yes             ; Megafunction                 ; c:/altera13/quartus/libraries/megafunctions/lpm_add_sub.tdf         ;         ;
; addcore.inc                      ; yes             ; Megafunction                 ; c:/altera13/quartus/libraries/megafunctions/addcore.inc             ;         ;
; look_add.inc                     ; yes             ; Megafunction                 ; c:/altera13/quartus/libraries/megafunctions/look_add.inc            ;         ;
; alt_stratix_add_sub.inc          ; yes             ; Megafunction                 ; c:/altera13/quartus/libraries/megafunctions/alt_stratix_add_sub.inc ;         ;
; db/add_sub_efh.tdf               ; yes             ; Auto-Generated Megafunction  ; C:/Users/dt/FDU/eelab/wm/db/add_sub_efh.tdf                         ;         ;
; altshift.tdf                     ; yes             ; Megafunction                 ; c:/altera13/quartus/libraries/megafunctions/altshift.tdf            ;         ;
+----------------------------------+-----------------+------------------------------+---------------------------------------------------------------------+---------+


+---------------------------------------------------------+
; Analysis & Synthesis Resource Usage Summary             ;
+---------------------------------------------+-----------+
; Resource                                    ; Usage     ;
+---------------------------------------------+-----------+
; Estimated Total logic elements              ; 1,068     ;
;                                             ;           ;
; Total combinational functions               ; 1068      ;
; Logic element usage by number of LUT inputs ;           ;
;     -- 4 input functions                    ; 218       ;
;     -- 3 input functions                    ; 274       ;
;     -- <=2 input functions                  ; 576       ;
;                                             ;           ;
; Logic elements by mode                      ;           ;
;     -- normal mode                          ; 686       ;
;     -- arithmetic mode                      ; 382       ;
;                                             ;           ;
; Total registers                             ; 147       ;
;     -- Dedicated logic registers            ; 147       ;
;     -- I/O registers                        ; 0         ;
;                                             ;           ;
; I/O pins                                    ; 30        ;
; Embedded Multiplier 9-bit elements          ; 0         ;
; Maximum fan-out node                        ; clk~input ;
; Maximum fan-out                             ; 101       ;
; Total fan-out                               ; 3184      ;
; Average fan-out                             ; 2.50      ;
+---------------------------------------------+-----------+


+----------------------------------------------------------------------------------------------------------------------------------------------------------------------------------------------------------------------------------------------------------------------------------------------------------------+
; Analysis & Synthesis Resource Utilization by Entity                                                                                                                                                                                                                                                            ;
+------------------------------------------------+-------------------+--------------+-------------+--------------+---------+-----------+------+--------------+------------------------------------------------------------------------------------------------------------------------------------+--------------+
; Compilation Hierarchy Node                     ; LC Combinationals ; LC Registers ; Memory Bits ; DSP Elements ; DSP 9x9 ; DSP 18x18 ; Pins ; Virtual Pins ; Full Hierarchy Name                                                                                                                ; Library Name ;
+------------------------------------------------+-------------------+--------------+-------------+--------------+---------+-----------+------+--------------+------------------------------------------------------------------------------------------------------------------------------------+--------------+
; |washingmachine_top                            ; 1068 (40)         ; 147 (16)     ; 0           ; 0            ; 0       ; 0         ; 30   ; 0            ; |washingmachine_top                                                                                                                ;              ;
;    |display_time:d|                            ; 361 (143)         ; 68 (68)      ; 0           ; 0            ; 0       ; 0         ; 0    ; 0            ; |washingmachine_top|display_time:d                                                                                                 ;              ;
;       |lpm_divide:Div0|                        ; 60 (0)            ; 0 (0)        ; 0           ; 0            ; 0       ; 0         ; 0    ; 0            ; |washingmachine_top|display_time:d|lpm_divide:Div0                                                                                 ;              ;
;          |lpm_divide_agm:auto_generated|       ; 60 (0)            ; 0 (0)        ; 0           ; 0            ; 0       ; 0         ; 0    ; 0            ; |washingmachine_top|display_time:d|lpm_divide:Div0|lpm_divide_agm:auto_generated                                                   ;              ;
;             |sign_div_unsign_bkh:divider|      ; 60 (0)            ; 0 (0)        ; 0           ; 0            ; 0       ; 0         ; 0    ; 0            ; |washingmachine_top|display_time:d|lpm_divide:Div0|lpm_divide_agm:auto_generated|sign_div_unsign_bkh:divider                       ;              ;
;                |alt_u_div_13f:divider|         ; 60 (60)           ; 0 (0)        ; 0           ; 0            ; 0       ; 0         ; 0    ; 0            ; |washingmachine_top|display_time:d|lpm_divide:Div0|lpm_divide_agm:auto_generated|sign_div_unsign_bkh:divider|alt_u_div_13f:divider ;              ;
;       |lpm_divide:Div1|                        ; 47 (0)            ; 0 (0)        ; 0           ; 0            ; 0       ; 0         ; 0    ; 0            ; |washingmachine_top|display_time:d|lpm_divide:Div1                                                                                 ;              ;
;          |lpm_divide_agm:auto_generated|       ; 47 (0)            ; 0 (0)        ; 0           ; 0            ; 0       ; 0         ; 0    ; 0            ; |washingmachine_top|display_time:d|lpm_divide:Div1|lpm_divide_agm:auto_generated                                                   ;              ;
;             |sign_div_unsign_bkh:divider|      ; 47 (0)            ; 0 (0)        ; 0           ; 0            ; 0       ; 0         ; 0    ; 0            ; |washingmachine_top|display_time:d|lpm_divide:Div1|lpm_divide_agm:auto_generated|sign_div_unsign_bkh:divider                       ;              ;
;                |alt_u_div_13f:divider|         ; 47 (47)           ; 0 (0)        ; 0           ; 0            ; 0       ; 0         ; 0    ; 0            ; |washingmachine_top|display_time:d|lpm_divide:Div1|lpm_divide_agm:auto_generated|sign_div_unsign_bkh:divider|alt_u_div_13f:divider ;              ;
;       |lpm_divide:Mod0|                        ; 61 (0)            ; 0 (0)        ; 0           ; 0            ; 0       ; 0         ; 0    ; 0            ; |washingmachine_top|display_time:d|lpm_divide:Mod0                                                                                 ;              ;
;          |lpm_divide_d8m:auto_generated|       ; 61 (0)            ; 0 (0)        ; 0           ; 0            ; 0       ; 0         ; 0    ; 0            ; |washingmachine_top|display_time:d|lpm_divide:Mod0|lpm_divide_d8m:auto_generated                                                   ;              ;
;             |sign_div_unsign_bkh:divider|      ; 61 (0)            ; 0 (0)        ; 0           ; 0            ; 0       ; 0         ; 0    ; 0            ; |washingmachine_top|display_time:d|lpm_divide:Mod0|lpm_divide_d8m:auto_generated|sign_div_unsign_bkh:divider                       ;              ;
;                |alt_u_div_13f:divider|         ; 61 (61)           ; 0 (0)        ; 0           ; 0            ; 0       ; 0         ; 0    ; 0            ; |washingmachine_top|display_time:d|lpm_divide:Mod0|lpm_divide_d8m:auto_generated|sign_div_unsign_bkh:divider|alt_u_div_13f:divider ;              ;
;       |lpm_divide:Mod1|                        ; 50 (0)            ; 0 (0)        ; 0           ; 0            ; 0       ; 0         ; 0    ; 0            ; |washingmachine_top|display_time:d|lpm_divide:Mod1                                                                                 ;              ;
;          |lpm_divide_d8m:auto_generated|       ; 50 (0)            ; 0 (0)        ; 0           ; 0            ; 0       ; 0         ; 0    ; 0            ; |washingmachine_top|display_time:d|lpm_divide:Mod1|lpm_divide_d8m:auto_generated                                                   ;              ;
;             |sign_div_unsign_bkh:divider|      ; 50 (0)            ; 0 (0)        ; 0           ; 0            ; 0       ; 0         ; 0    ; 0            ; |washingmachine_top|display_time:d|lpm_divide:Mod1|lpm_divide_d8m:auto_generated|sign_div_unsign_bkh:divider                       ;              ;
;                |alt_u_div_13f:divider|         ; 50 (50)           ; 0 (0)        ; 0           ; 0            ; 0       ; 0         ; 0    ; 0            ; |washingmachine_top|display_time:d|lpm_divide:Mod1|lpm_divide_d8m:auto_generated|sign_div_unsign_bkh:divider|alt_u_div_13f:divider ;              ;
;    |get_time:g|                                ; 563 (28)          ; 0 (0)        ; 0           ; 0            ; 0       ; 0         ; 0    ; 0            ; |washingmachine_top|get_time:g                                                                                                     ;              ;
;       |lpm_divide:Div0|                        ; 185 (0)           ; 0 (0)        ; 0           ; 0            ; 0       ; 0         ; 0    ; 0            ; |washingmachine_top|get_time:g|lpm_divide:Div0                                                                                     ;              ;
;          |lpm_divide_6jm:auto_generated|       ; 185 (0)           ; 0 (0)        ; 0           ; 0            ; 0       ; 0         ; 0    ; 0            ; |washingmachine_top|get_time:g|lpm_divide:Div0|lpm_divide_6jm:auto_generated                                                       ;              ;
;             |sign_div_unsign_7nh:divider|      ; 185 (0)           ; 0 (0)        ; 0           ; 0            ; 0       ; 0         ; 0    ; 0            ; |washingmachine_top|get_time:g|lpm_divide:Div0|lpm_divide_6jm:auto_generated|sign_div_unsign_7nh:divider                           ;              ;
;                |alt_u_div_p8f:divider|         ; 185 (185)         ; 0 (0)        ; 0           ; 0            ; 0       ; 0         ; 0    ; 0            ; |washingmachine_top|get_time:g|lpm_divide:Div0|lpm_divide_6jm:auto_generated|sign_div_unsign_7nh:divider|alt_u_div_p8f:divider     ;              ;
;       |lpm_divide:Div1|                        ; 160 (0)           ; 0 (0)        ; 0           ; 0            ; 0       ; 0         ; 0    ; 0            ; |washingmachine_top|get_time:g|lpm_divide:Div1                                                                                     ;              ;
;          |lpm_divide_phm:auto_generated|       ; 160 (0)           ; 0 (0)        ; 0           ; 0            ; 0       ; 0         ; 0    ; 0            ; |washingmachine_top|get_time:g|lpm_divide:Div1|lpm_divide_phm:auto_generated                                                       ;              ;
;             |sign_div_unsign_qlh:divider|      ; 160 (0)           ; 0 (0)        ; 0           ; 0            ; 0       ; 0         ; 0    ; 0            ; |washingmachine_top|get_time:g|lpm_divide:Div1|lpm_divide_phm:auto_generated|sign_div_unsign_qlh:divider                           ;              ;
;                |alt_u_div_v5f:divider|         ; 160 (160)         ; 0 (0)        ; 0           ; 0            ; 0       ; 0         ; 0    ; 0            ; |washingmachine_top|get_time:g|lpm_divide:Div1|lpm_divide_phm:auto_generated|sign_div_unsign_qlh:divider|alt_u_div_v5f:divider     ;              ;
;       |lpm_divide:Mod0|                        ; 163 (0)           ; 0 (0)        ; 0           ; 0            ; 0       ; 0         ; 0    ; 0            ; |washingmachine_top|get_time:g|lpm_divide:Mod0                                                                                     ;              ;
;          |lpm_divide_s9m:auto_generated|       ; 163 (0)           ; 0 (0)        ; 0           ; 0            ; 0       ; 0         ; 0    ; 0            ; |washingmachine_top|get_time:g|lpm_divide:Mod0|lpm_divide_s9m:auto_generated                                                       ;              ;
;             |sign_div_unsign_qlh:divider|      ; 163 (0)           ; 0 (0)        ; 0           ; 0            ; 0       ; 0         ; 0    ; 0            ; |washingmachine_top|get_time:g|lpm_divide:Mod0|lpm_divide_s9m:auto_generated|sign_div_unsign_qlh:divider                           ;              ;
;                |alt_u_div_v5f:divider|         ; 163 (163)         ; 0 (0)        ; 0           ; 0            ; 0       ; 0         ; 0    ; 0            ; |washingmachine_top|get_time:g|lpm_divide:Mod0|lpm_divide_s9m:auto_generated|sign_div_unsign_qlh:divider|alt_u_div_v5f:divider     ;              ;
;       |lpm_mult:Mult0|                         ; 27 (0)            ; 0 (0)        ; 0           ; 0            ; 0       ; 0         ; 0    ; 0            ; |washingmachine_top|get_time:g|lpm_mult:Mult0                                                                                      ;              ;
;          |multcore:mult_core|                  ; 27 (18)           ; 0 (0)        ; 0           ; 0            ; 0       ; 0         ; 0    ; 0            ; |washingmachine_top|get_time:g|lpm_mult:Mult0|multcore:mult_core                                                                   ;              ;
;             |mpar_add:padder|                  ; 9 (0)             ; 0 (0)        ; 0           ; 0            ; 0       ; 0         ; 0    ; 0            ; |washingmachine_top|get_time:g|lpm_mult:Mult0|multcore:mult_core|mpar_add:padder                                                   ;              ;
;                |lpm_add_sub:adder[0]|          ; 9 (0)             ; 0 (0)        ; 0           ; 0            ; 0       ; 0         ; 0    ; 0            ; |washingmachine_top|get_time:g|lpm_mult:Mult0|multcore:mult_core|mpar_add:padder|lpm_add_sub:adder[0]                              ;              ;
;                   |add_sub_efh:auto_generated| ; 9 (9)             ; 0 (0)        ; 0           ; 0            ; 0       ; 0         ; 0    ; 0            ; |washingmachine_top|get_time:g|lpm_mult:Mult0|multcore:mult_core|mpar_add:padder|lpm_add_sub:adder[0]|add_sub_efh:auto_generated   ;              ;
;    |timer:t|                                   ; 104 (104)         ; 63 (63)      ; 0           ; 0            ; 0       ; 0         ; 0    ; 0            ; |washingmachine_top|timer:t                                                                                                        ;              ;
+------------------------------------------------+-------------------+--------------+-------------+--------------+---------+-----------+------+--------------+------------------------------------------------------------------------------------------------------------------------------------+--------------+
Note: For table entries with two numbers listed, the numbers in parentheses indicate the number of resources of the given type used by the specific entity alone. The numbers listed outside of parentheses indicate the total resources of the given type used by the specific entity and all of its sub-entities in the hierarchy.


+----------------------------------------------------------------------------------------------------+
; User-Specified and Inferred Latches                                                                ;
+----------------------------------------------------+----------------------+------------------------+
; Latch Name                                         ; Latch Enable Signal  ; Free of Timing Hazards ;
+----------------------------------------------------+----------------------+------------------------+
; display_time:d|seg[1]                              ; display_time:d|Mux10 ; yes                    ;
; display_time:d|seg[2]                              ; display_time:d|Mux10 ; yes                    ;
; display_time:d|seg[3]                              ; display_time:d|Mux10 ; yes                    ;
; display_time:d|seg[4]                              ; display_time:d|Mux10 ; yes                    ;
; display_time:d|seg[5]                              ; display_time:d|Mux10 ; yes                    ;
; display_time:d|seg[6]                              ; display_time:d|Mux10 ; yes                    ;
; display_time:d|seg[7]                              ; display_time:d|Mux10 ; yes                    ;
; Number of user-specified and inferred latches = 7  ;                      ;                        ;
+----------------------------------------------------+----------------------+------------------------+
Note: All latches listed above may not be present at the end of synthesis due to various synthesis optimizations.


+---------------------------------------------------------------------------------------+
; Registers Removed During Synthesis                                                    ;
+----------------------------------------+----------------------------------------------+
; Register name                          ; Reason for Removal                           ;
+----------------------------------------+----------------------------------------------+
; timer_state[1,13..15]                  ; Merged with timer_state[0]                   ;
; timer_state[12]                        ; Merged with timer_state[10]                  ;
; timer_state[7]                         ; Merged with timer_state[11]                  ;
; timer_state[9]                         ; Merged with timer_state[4]                   ;
; timer:t|clk_10Hz_count[31]             ; Merged with display_time:d|clk_1Hz_count[31] ;
; timer:t|clk_10Hz_count[30]             ; Merged with display_time:d|clk_1Hz_count[30] ;
; timer:t|clk_10Hz_count[29]             ; Merged with display_time:d|clk_1Hz_count[29] ;
; timer:t|clk_10Hz_count[28]             ; Merged with display_time:d|clk_1Hz_count[28] ;
; timer:t|clk_10Hz_count[27]             ; Merged with display_time:d|clk_1Hz_count[27] ;
; timer:t|clk_10Hz_count[26]             ; Merged with display_time:d|clk_1Hz_count[26] ;
; timer:t|clk_10Hz_count[25]             ; Merged with display_time:d|clk_1Hz_count[25] ;
; timer:t|clk_10Hz_count[24]             ; Merged with display_time:d|clk_1Hz_count[24] ;
; timer:t|clk_10Hz_count[23]             ; Merged with display_time:d|clk_1Hz_count[23] ;
; timer:t|clk_10Hz_count[22]             ; Merged with display_time:d|clk_1Hz_count[22] ;
; timer:t|clk_10Hz_count[21]             ; Merged with display_time:d|clk_1Hz_count[21] ;
; timer:t|clk_10Hz_count[20]             ; Merged with display_time:d|clk_1Hz_count[20] ;
; timer:t|clk_10Hz_count[19]             ; Merged with display_time:d|clk_1Hz_count[19] ;
; timer:t|clk_10Hz_count[18]             ; Merged with display_time:d|clk_1Hz_count[18] ;
; timer:t|clk_10Hz_count[17]             ; Merged with display_time:d|clk_1Hz_count[17] ;
; timer:t|clk_10Hz_count[16]             ; Merged with display_time:d|clk_1Hz_count[16] ;
; timer:t|clk_10Hz_count[15]             ; Merged with display_time:d|clk_1Hz_count[15] ;
; timer:t|clk_10Hz_count[14]             ; Merged with display_time:d|clk_1Hz_count[14] ;
; timer:t|clk_10Hz_count[13]             ; Merged with display_time:d|clk_1Hz_count[13] ;
; timer:t|clk_10Hz_count[12]             ; Merged with display_time:d|clk_1Hz_count[12] ;
; timer:t|clk_10Hz_count[11]             ; Merged with display_time:d|clk_1Hz_count[11] ;
; timer:t|clk_10Hz_count[10]             ; Merged with display_time:d|clk_1Hz_count[10] ;
; timer:t|clk_10Hz_count[9]              ; Merged with display_time:d|clk_1Hz_count[9]  ;
; timer:t|clk_10Hz_count[8]              ; Merged with display_time:d|clk_1Hz_count[8]  ;
; timer:t|clk_10Hz_count[7]              ; Merged with display_time:d|clk_1Hz_count[7]  ;
; timer:t|clk_10Hz_count[6]              ; Merged with display_time:d|clk_1Hz_count[6]  ;
; timer:t|clk_10Hz_count[5]              ; Merged with display_time:d|clk_1Hz_count[5]  ;
; timer:t|clk_10Hz_count[4]              ; Merged with display_time:d|clk_1Hz_count[4]  ;
; timer:t|clk_10Hz_count[3]              ; Merged with display_time:d|clk_1Hz_count[3]  ;
; timer:t|clk_10Hz_count[2]              ; Merged with display_time:d|clk_1Hz_count[2]  ;
; timer:t|clk_10Hz_count[1]              ; Merged with display_time:d|clk_1Hz_count[1]  ;
; timer:t|clk_10Hz_count[0]              ; Merged with display_time:d|clk_1Hz_count[0]  ;
; timer:t|clk_10Hz                       ; Merged with display_time:d|clk_1Hz           ;
; timer_state[0]                         ; Stuck at GND due to stuck port data_in       ;
; display_time:d|scan_count[2]           ; Stuck at GND due to stuck port data_in       ;
; timer_state[10]                        ; Merged with state[2]                         ;
; timer_state[5]                         ; Merged with timer_start                      ;
; timer:t|clk_100Hz_count[0]             ; Merged with display_time:d|clk_1Hz_count[0]  ;
; display_time:d|clk_50Hz_count[0]       ; Merged with display_time:d|clk_1Hz_count[0]  ;
; timer:t|clk_100Hz_count[1]             ; Merged with display_time:d|clk_1Hz_count[1]  ;
; display_time:d|clk_50Hz_count[1]       ; Merged with display_time:d|clk_1Hz_count[1]  ;
; timer:t|clk_100Hz_count[2]             ; Merged with display_time:d|clk_50Hz_count[2] ;
; display_time:d|clk_50Hz_count[2]       ; Merged with display_time:d|clk_1Hz_count[2]  ;
; timer:t|clk_100Hz_count[3]             ; Merged with display_time:d|clk_50Hz_count[3] ;
; display_time:d|clk_50Hz_count[3]       ; Merged with display_time:d|clk_1Hz_count[3]  ;
; timer:t|clk_100Hz_count[4]             ; Merged with display_time:d|clk_50Hz_count[4] ;
; display_time:d|clk_50Hz_count[4]       ; Merged with display_time:d|clk_1Hz_count[4]  ;
; timer:t|clk_100Hz_count[5]             ; Merged with display_time:d|clk_50Hz_count[5] ;
; display_time:d|clk_50Hz_count[5]       ; Merged with display_time:d|clk_1Hz_count[5]  ;
; timer:t|clk_100Hz_count[6]             ; Merged with display_time:d|clk_50Hz_count[6] ;
; display_time:d|clk_50Hz_count[6]       ; Merged with display_time:d|clk_1Hz_count[6]  ;
; display_time:d|clk_50Hz_count[7]       ; Merged with display_time:d|clk_1Hz_count[7]  ;
; Total Number of Removed Registers = 59 ;                                              ;
+----------------------------------------+----------------------------------------------+


+------------------------------------------------------+
; General Register Statistics                          ;
+----------------------------------------------+-------+
; Statistic                                    ; Value ;
+----------------------------------------------+-------+
; Total registers                              ; 147   ;
; Number of registers using Synchronous Clear  ; 40    ;
; Number of registers using Synchronous Load   ; 9     ;
; Number of registers using Asynchronous Clear ; 33    ;
; Number of registers using Asynchronous Load  ; 0     ;
; Number of registers using Clock Enable       ; 25    ;
; Number of registers using Preset             ; 0     ;
+----------------------------------------------+-------+


+--------------------------------------------------+
; Inverted Register Statistics                     ;
+----------------------------------------+---------+
; Inverted Register                      ; Fan out ;
+----------------------------------------+---------+
; state[0]                               ; 16      ;
; Total number of inverted registers = 1 ;         ;
+----------------------------------------+---------+


+--------------------------------------------------------------------------------------------------------------------------------------------------------------------+
; Multiplexer Restructuring Statistics (Restructuring Performed)                                                                                                     ;
+--------------------+-----------+---------------+----------------------+------------------------+------------+------------------------------------------------------+
; Multiplexer Inputs ; Bus Width ; Baseline Area ; Area if Restructured ; Saving if Restructured ; Registered ; Example Multiplexer Output                           ;
+--------------------+-----------+---------------+----------------------+------------------------+------------+------------------------------------------------------+
; 3:1                ; 32 bits   ; 64 LEs        ; 32 LEs               ; 32 LEs                 ; Yes        ; |washingmachine_top|display_time:d|clk_1Hz_count[0]  ;
; 3:1                ; 32 bits   ; 64 LEs        ; 32 LEs               ; 32 LEs                 ; Yes        ; |washingmachine_top|timer:t|o_time[1]                ;
; 3:1                ; 32 bits   ; 64 LEs        ; 32 LEs               ; 32 LEs                 ; Yes        ; |washingmachine_top|display_time:d|clk_50Hz_count[8] ;
; 3:1                ; 32 bits   ; 64 LEs        ; 32 LEs               ; 32 LEs                 ; Yes        ; |washingmachine_top|timer:t|clk_100Hz_count[17]      ;
; 8:1                ; 4 bits    ; 20 LEs        ; 8 LEs                ; 12 LEs                 ; Yes        ; |washingmachine_top|display_time:d|index[0]          ;
; 8:1                ; 4 bits    ; 20 LEs        ; 8 LEs                ; 12 LEs                 ; Yes        ; |washingmachine_top|display_time:d|number[3]         ;
; 68:1               ; 2 bits    ; 90 LEs        ; 4 LEs                ; 86 LEs                 ; Yes        ; |washingmachine_top|step[0]                          ;
; 69:1               ; 14 bits   ; 644 LEs       ; 112 LEs              ; 532 LEs                ; Yes        ; |washingmachine_top|timer_state[4]                   ;
+--------------------+-----------+---------------+----------------------+------------------------+------------+------------------------------------------------------+


+------------------------------------------------------------------------------------+
; Parameter Settings for User Entity Instance: Top-level Entity: |washingmachine_top ;
+----------------+------------------+------------------------------------------------+
; Parameter Name ; Value            ; Type                                           ;
+----------------+------------------+------------------------------------------------+
; IDLE           ; 000001           ; Unsigned Binary                                ;
; WATER          ; 000010           ; Unsigned Binary                                ;
; RINSE          ; 000100           ; Unsigned Binary                                ;
; DRAIN          ; 001000           ; Unsigned Binary                                ;
; DRY            ; 010000           ; Unsigned Binary                                ;
; ALERT          ; 100000           ; Unsigned Binary                                ;
; RINSE_TIME     ; 0001011101110000 ; Unsigned Binary                                ;
; DRAIN_TIME     ; 0000000100101100 ; Unsigned Binary                                ;
; DRY_TIME       ; 0000101110111000 ; Unsigned Binary                                ;
; ALERT_TIME     ; 0000000001100100 ; Unsigned Binary                                ;
+----------------+------------------+------------------------------------------------+
Note: In order to hide this table in the UI and the text report file, please set the "Show Parameter Settings in Synthesis Report" option in "Analysis and Synthesis Settings -> More Settings" to "Off".


+-----------------------------------------------------------------------------+
; Parameter Settings for Inferred Entity Instance: get_time:g|lpm_divide:Mod0 ;
+------------------------+----------------+-----------------------------------+
; Parameter Name         ; Value          ; Type                              ;
+------------------------+----------------+-----------------------------------+
; LPM_WIDTHN             ; 16             ; Untyped                           ;
; LPM_WIDTHD             ; 4              ; Untyped                           ;
; LPM_NREPRESENTATION    ; UNSIGNED       ; Untyped                           ;
; LPM_DREPRESENTATION    ; UNSIGNED       ; Untyped                           ;
; LPM_PIPELINE           ; 0              ; Untyped                           ;
; LPM_REMAINDERPOSITIVE  ; TRUE           ; Untyped                           ;
; MAXIMIZE_SPEED         ; 5              ; Untyped                           ;
; CBXI_PARAMETER         ; lpm_divide_s9m ; Untyped                           ;
; CARRY_CHAIN            ; MANUAL         ; Untyped                           ;
; OPTIMIZE_FOR_SPEED     ; 5              ; Untyped                           ;
; AUTO_CARRY_CHAINS      ; ON             ; AUTO_CARRY                        ;
; IGNORE_CARRY_BUFFERS   ; OFF            ; IGNORE_CARRY                      ;
; AUTO_CASCADE_CHAINS    ; ON             ; AUTO_CASCADE                      ;
; IGNORE_CASCADE_BUFFERS ; OFF            ; IGNORE_CASCADE                    ;
+------------------------+----------------+-----------------------------------+
Note: In order to hide this table in the UI and the text report file, please set the "Show Parameter Settings in Synthesis Report" option in "Analysis and Synthesis Settings -> More Settings" to "Off".


+-----------------------------------------------------------------------------+
; Parameter Settings for Inferred Entity Instance: get_time:g|lpm_divide:Div0 ;
+------------------------+----------------+-----------------------------------+
; Parameter Name         ; Value          ; Type                              ;
+------------------------+----------------+-----------------------------------+
; LPM_WIDTHN             ; 16             ; Untyped                           ;
; LPM_WIDTHD             ; 10             ; Untyped                           ;
; LPM_NREPRESENTATION    ; UNSIGNED       ; Untyped                           ;
; LPM_DREPRESENTATION    ; UNSIGNED       ; Untyped                           ;
; LPM_PIPELINE           ; 0              ; Untyped                           ;
; LPM_REMAINDERPOSITIVE  ; TRUE           ; Untyped                           ;
; MAXIMIZE_SPEED         ; 5              ; Untyped                           ;
; CBXI_PARAMETER         ; lpm_divide_6jm ; Untyped                           ;
; CARRY_CHAIN            ; MANUAL         ; Untyped                           ;
; OPTIMIZE_FOR_SPEED     ; 5              ; Untyped                           ;
; AUTO_CARRY_CHAINS      ; ON             ; AUTO_CARRY                        ;
; IGNORE_CARRY_BUFFERS   ; OFF            ; IGNORE_CARRY                      ;
; AUTO_CASCADE_CHAINS    ; ON             ; AUTO_CASCADE                      ;
; IGNORE_CASCADE_BUFFERS ; OFF            ; IGNORE_CASCADE                    ;
+------------------------+----------------+-----------------------------------+
Note: In order to hide this table in the UI and the text report file, please set the "Show Parameter Settings in Synthesis Report" option in "Analysis and Synthesis Settings -> More Settings" to "Off".


+---------------------------------------------------------------------------------+
; Parameter Settings for Inferred Entity Instance: display_time:d|lpm_divide:Mod1 ;
+------------------------+----------------+---------------------------------------+
; Parameter Name         ; Value          ; Type                                  ;
+------------------------+----------------+---------------------------------------+
; LPM_WIDTHN             ; 8              ; Untyped                               ;
; LPM_WIDTHD             ; 4              ; Untyped                               ;
; LPM_NREPRESENTATION    ; UNSIGNED       ; Untyped                               ;
; LPM_DREPRESENTATION    ; UNSIGNED       ; Untyped                               ;
; LPM_PIPELINE           ; 0              ; Untyped                               ;
; LPM_REMAINDERPOSITIVE  ; TRUE           ; Untyped                               ;
; MAXIMIZE_SPEED         ; 5              ; Untyped                               ;
; CBXI_PARAMETER         ; lpm_divide_d8m ; Untyped                               ;
; CARRY_CHAIN            ; MANUAL         ; Untyped                               ;
; OPTIMIZE_FOR_SPEED     ; 5              ; Untyped                               ;
; AUTO_CARRY_CHAINS      ; ON             ; AUTO_CARRY                            ;
; IGNORE_CARRY_BUFFERS   ; OFF            ; IGNORE_CARRY                          ;
; AUTO_CASCADE_CHAINS    ; ON             ; AUTO_CASCADE                          ;
; IGNORE_CASCADE_BUFFERS ; OFF            ; IGNORE_CASCADE                        ;
+------------------------+----------------+---------------------------------------+
Note: In order to hide this table in the UI and the text report file, please set the "Show Parameter Settings in Synthesis Report" option in "Analysis and Synthesis Settings -> More Settings" to "Off".


+-----------------------------------------------------------------------------+
; Parameter Settings for Inferred Entity Instance: get_time:g|lpm_divide:Div1 ;
+------------------------+----------------+-----------------------------------+
; Parameter Name         ; Value          ; Type                              ;
+------------------------+----------------+-----------------------------------+
; LPM_WIDTHN             ; 16             ; Untyped                           ;
; LPM_WIDTHD             ; 4              ; Untyped                           ;
; LPM_NREPRESENTATION    ; UNSIGNED       ; Untyped                           ;
; LPM_DREPRESENTATION    ; UNSIGNED       ; Untyped                           ;
; LPM_PIPELINE           ; 0              ; Untyped                           ;
; LPM_REMAINDERPOSITIVE  ; TRUE           ; Untyped                           ;
; MAXIMIZE_SPEED         ; 5              ; Untyped                           ;
; CBXI_PARAMETER         ; lpm_divide_phm ; Untyped                           ;
; CARRY_CHAIN            ; MANUAL         ; Untyped                           ;
; OPTIMIZE_FOR_SPEED     ; 5              ; Untyped                           ;
; AUTO_CARRY_CHAINS      ; ON             ; AUTO_CARRY                        ;
; IGNORE_CARRY_BUFFERS   ; OFF            ; IGNORE_CARRY                      ;
; AUTO_CASCADE_CHAINS    ; ON             ; AUTO_CASCADE                      ;
; IGNORE_CASCADE_BUFFERS ; OFF            ; IGNORE_CASCADE                    ;
+------------------------+----------------+-----------------------------------+
Note: In order to hide this table in the UI and the text report file, please set the "Show Parameter Settings in Synthesis Report" option in "Analysis and Synthesis Settings -> More Settings" to "Off".


+---------------------------------------------------------------------------------+
; Parameter Settings for Inferred Entity Instance: display_time:d|lpm_divide:Div0 ;
+------------------------+----------------+---------------------------------------+
; Parameter Name         ; Value          ; Type                                  ;
+------------------------+----------------+---------------------------------------+
; LPM_WIDTHN             ; 8              ; Untyped                               ;
; LPM_WIDTHD             ; 4              ; Untyped                               ;
; LPM_NREPRESENTATION    ; UNSIGNED       ; Untyped                               ;
; LPM_DREPRESENTATION    ; UNSIGNED       ; Untyped                               ;
; LPM_PIPELINE           ; 0              ; Untyped                               ;
; LPM_REMAINDERPOSITIVE  ; TRUE           ; Untyped                               ;
; MAXIMIZE_SPEED         ; 5              ; Untyped                               ;
; CBXI_PARAMETER         ; lpm_divide_agm ; Untyped                               ;
; CARRY_CHAIN            ; MANUAL         ; Untyped                               ;
; OPTIMIZE_FOR_SPEED     ; 5              ; Untyped                               ;
; AUTO_CARRY_CHAINS      ; ON             ; AUTO_CARRY                            ;
; IGNORE_CARRY_BUFFERS   ; OFF            ; IGNORE_CARRY                          ;
; AUTO_CASCADE_CHAINS    ; ON             ; AUTO_CASCADE                          ;
; IGNORE_CASCADE_BUFFERS ; OFF            ; IGNORE_CASCADE                        ;
+------------------------+----------------+---------------------------------------+
Note: In order to hide this table in the UI and the text report file, please set the "Show Parameter Settings in Synthesis Report" option in "Analysis and Synthesis Settings -> More Settings" to "Off".


+---------------------------------------------------------------------------------+
; Parameter Settings for Inferred Entity Instance: display_time:d|lpm_divide:Mod0 ;
+------------------------+----------------+---------------------------------------+
; Parameter Name         ; Value          ; Type                                  ;
+------------------------+----------------+---------------------------------------+
; LPM_WIDTHN             ; 8              ; Untyped                               ;
; LPM_WIDTHD             ; 4              ; Untyped                               ;
; LPM_NREPRESENTATION    ; UNSIGNED       ; Untyped                               ;
; LPM_DREPRESENTATION    ; UNSIGNED       ; Untyped                               ;
; LPM_PIPELINE           ; 0              ; Untyped                               ;
; LPM_REMAINDERPOSITIVE  ; TRUE           ; Untyped                               ;
; MAXIMIZE_SPEED         ; 5              ; Untyped                               ;
; CBXI_PARAMETER         ; lpm_divide_d8m ; Untyped                               ;
; CARRY_CHAIN            ; MANUAL         ; Untyped                               ;
; OPTIMIZE_FOR_SPEED     ; 5              ; Untyped                               ;
; AUTO_CARRY_CHAINS      ; ON             ; AUTO_CARRY                            ;
; IGNORE_CARRY_BUFFERS   ; OFF            ; IGNORE_CARRY                          ;
; AUTO_CASCADE_CHAINS    ; ON             ; AUTO_CASCADE                          ;
; IGNORE_CASCADE_BUFFERS ; OFF            ; IGNORE_CASCADE                        ;
+------------------------+----------------+---------------------------------------+
Note: In order to hide this table in the UI and the text report file, please set the "Show Parameter Settings in Synthesis Report" option in "Analysis and Synthesis Settings -> More Settings" to "Off".


+---------------------------------------------------------------------------------+
; Parameter Settings for Inferred Entity Instance: display_time:d|lpm_divide:Div1 ;
+------------------------+----------------+---------------------------------------+
; Parameter Name         ; Value          ; Type                                  ;
+------------------------+----------------+---------------------------------------+
; LPM_WIDTHN             ; 8              ; Untyped                               ;
; LPM_WIDTHD             ; 4              ; Untyped                               ;
; LPM_NREPRESENTATION    ; UNSIGNED       ; Untyped                               ;
; LPM_DREPRESENTATION    ; UNSIGNED       ; Untyped                               ;
; LPM_PIPELINE           ; 0              ; Untyped                               ;
; LPM_REMAINDERPOSITIVE  ; TRUE           ; Untyped                               ;
; MAXIMIZE_SPEED         ; 5              ; Untyped                               ;
; CBXI_PARAMETER         ; lpm_divide_agm ; Untyped                               ;
; CARRY_CHAIN            ; MANUAL         ; Untyped                               ;
; OPTIMIZE_FOR_SPEED     ; 5              ; Untyped                               ;
; AUTO_CARRY_CHAINS      ; ON             ; AUTO_CARRY                            ;
; IGNORE_CARRY_BUFFERS   ; OFF            ; IGNORE_CARRY                          ;
; AUTO_CASCADE_CHAINS    ; ON             ; AUTO_CASCADE                          ;
; IGNORE_CASCADE_BUFFERS ; OFF            ; IGNORE_CASCADE                        ;
+------------------------+----------------+---------------------------------------+
Note: In order to hide this table in the UI and the text report file, please set the "Show Parameter Settings in Synthesis Report" option in "Analysis and Synthesis Settings -> More Settings" to "Off".


+------------------------------------------------------------------------------------+
; Parameter Settings for Inferred Entity Instance: get_time:g|lpm_mult:Mult0         ;
+------------------------------------------------+-------------+---------------------+
; Parameter Name                                 ; Value       ; Type                ;
+------------------------------------------------+-------------+---------------------+
; AUTO_CARRY_CHAINS                              ; ON          ; AUTO_CARRY          ;
; IGNORE_CARRY_BUFFERS                           ; OFF         ; IGNORE_CARRY        ;
; AUTO_CASCADE_CHAINS                            ; ON          ; AUTO_CASCADE        ;
; IGNORE_CASCADE_BUFFERS                         ; OFF         ; IGNORE_CASCADE      ;
; LPM_WIDTHA                                     ; 10          ; Untyped             ;
; LPM_WIDTHB                                     ; 8           ; Untyped             ;
; LPM_WIDTHP                                     ; 18          ; Untyped             ;
; LPM_WIDTHR                                     ; 18          ; Untyped             ;
; LPM_WIDTHS                                     ; 1           ; Untyped             ;
; LPM_REPRESENTATION                             ; UNSIGNED    ; Untyped             ;
; LPM_PIPELINE                                   ; 0           ; Untyped             ;
; LATENCY                                        ; 0           ; Untyped             ;
; INPUT_A_IS_CONSTANT                            ; YES         ; Untyped             ;
; INPUT_B_IS_CONSTANT                            ; NO          ; Untyped             ;
; USE_EAB                                        ; OFF         ; Untyped             ;
; MAXIMIZE_SPEED                                 ; 6           ; Untyped             ;
; DEVICE_FAMILY                                  ; Cyclone III ; Untyped             ;
; CARRY_CHAIN                                    ; MANUAL      ; Untyped             ;
; APEX20K_TECHNOLOGY_MAPPER                      ; LUT         ; TECH_MAPPER_APEX20K ;
; DEDICATED_MULTIPLIER_CIRCUITRY                 ; AUTO        ; Untyped             ;
; DEDICATED_MULTIPLIER_MIN_INPUT_WIDTH_FOR_AUTO  ; 0           ; Untyped             ;
; DEDICATED_MULTIPLIER_MIN_OUTPUT_WIDTH_FOR_AUTO ; 0           ; Untyped             ;
; CBXI_PARAMETER                                 ; NOTHING     ; Untyped             ;
; INPUT_A_FIXED_VALUE                            ; Bx          ; Untyped             ;
; INPUT_B_FIXED_VALUE                            ; Bx          ; Untyped             ;
; USE_AHDL_IMPLEMENTATION                        ; OFF         ; Untyped             ;
+------------------------------------------------+-------------+---------------------+
Note: In order to hide this table in the UI and the text report file, please set the "Show Parameter Settings in Synthesis Report" option in "Analysis and Synthesis Settings -> More Settings" to "Off".


+-------------------------------------------------------------------+
; lpm_mult Parameter Settings by Entity Instance                    ;
+---------------------------------------+---------------------------+
; Name                                  ; Value                     ;
+---------------------------------------+---------------------------+
; Number of entity instances            ; 1                         ;
; Entity Instance                       ; get_time:g|lpm_mult:Mult0 ;
;     -- LPM_WIDTHA                     ; 10                        ;
;     -- LPM_WIDTHB                     ; 8                         ;
;     -- LPM_WIDTHP                     ; 18                        ;
;     -- LPM_REPRESENTATION             ; UNSIGNED                  ;
;     -- INPUT_A_IS_CONSTANT            ; YES                       ;
;     -- INPUT_B_IS_CONSTANT            ; NO                        ;
;     -- USE_EAB                        ; OFF                       ;
;     -- DEDICATED_MULTIPLIER_CIRCUITRY ; AUTO                      ;
;     -- INPUT_A_FIXED_VALUE            ; Bx                        ;
;     -- INPUT_B_FIXED_VALUE            ; Bx                        ;
+---------------------------------------+---------------------------+


+-------------------------------+
; Elapsed Time Per Partition    ;
+----------------+--------------+
; Partition Name ; Elapsed Time ;
+----------------+--------------+
; Top            ; 00:00:04     ;
+----------------+--------------+


+-------------------------------+
; Analysis & Synthesis Messages ;
+-------------------------------+
Info: *******************************************************************
Info: Running Quartus II 64-Bit Analysis & Synthesis
    Info: Version 13.0.0 Build 156 04/24/2013 SJ Web Edition
    Info: Processing started: Fri Oct 30 15:37:41 2015
Info: Command: quartus_map --read_settings_files=on --write_settings_files=off wm -c wm
Warning (20028): Parallel compilation is not licensed and has been disabled
Warning (10275): Verilog HDL Module Instantiation warning at washingmachine_top.v(157): ignored dangling comma in List of Port Connections
Info (12021): Found 1 design units, including 1 entities, in source file washingmachine_top.v
    Info (12023): Found entity 1: washingmachine_top
Info (12021): Found 1 design units, including 1 entities, in source file timer.v
    Info (12023): Found entity 1: timer
Warning (10238): Verilog Module Declaration warning at get_time.v(6): ignored anonymous port(s) indicated by duplicate or dangling comma(s) in the port list for module "get_time"
Info (12021): Found 1 design units, including 1 entities, in source file get_time.v
    Info (12023): Found entity 1: get_time
Info (12021): Found 1 design units, including 1 entities, in source file display_time.v
    Info (12023): Found entity 1: display_time
Info (12127): Elaborating entity "washingmachine_top" for the top level hierarchy
Info (10264): Verilog HDL Case Statement information at washingmachine_top.v(66): all case item expressions in this case statement are onehot
Info (12128): Elaborating entity "timer" for hierarchy "timer:t"
Info (12128): Elaborating entity "get_time" for hierarchy "get_time:g"
Warning (10230): Verilog HDL assignment warning at get_time.v(18): truncated value with size 16 to match size of target (4)
Warning (10230): Verilog HDL assignment warning at get_time.v(19): truncated value with size 16 to match size of target (8)
Warning (10235): Verilog HDL Always Construct warning at get_time.v(20): variable "o_second_p" is read inside the Always Construct but isn't in the Always Construct's Event Control
Warning (10235): Verilog HDL Always Construct warning at get_time.v(20): variable "o_minute" is read inside the Always Construct but isn't in the Always Construct's Event Control
Warning (10230): Verilog HDL assignment warning at get_time.v(20): truncated value with size 16 to match size of target (8)
Info (12128): Elaborating entity "display_time" for hierarchy "display_time:d"
Warning (10230): Verilog HDL assignment warning at display_time.v(62): truncated value with size 8 to match size of target (4)
Warning (10230): Verilog HDL assignment warning at display_time.v(66): truncated value with size 8 to match size of target (4)
Warning (10230): Verilog HDL assignment warning at display_time.v(70): truncated value with size 8 to match size of target (4)
Warning (10230): Verilog HDL assignment warning at display_time.v(74): truncated value with size 8 to match size of target (4)
Warning (10235): Verilog HDL Always Construct warning at display_time.v(82): variable "number" is read inside the Always Construct but isn't in the Always Construct's Event Control
Warning (10270): Verilog HDL Case Statement warning at display_time.v(82): incomplete case statement has no default case item
Warning (10235): Verilog HDL Always Construct warning at display_time.v(94): variable "i_twinkle" is read inside the Always Construct but isn't in the Always Construct's Event Control
Warning (10235): Verilog HDL Always Construct warning at display_time.v(97): variable "clk_1Hz" is read inside the Always Construct but isn't in the Always Construct's Event Control
Warning (10240): Verilog HDL Always Construct warning at display_time.v(81): inferring latch(es) for variable "seg", which holds its previous value in one or more paths through the always construct
Info (10041): Inferred latch for "seg[1]" at display_time.v(81)
Info (10041): Inferred latch for "seg[2]" at display_time.v(81)
Info (10041): Inferred latch for "seg[3]" at display_time.v(81)
Info (10041): Inferred latch for "seg[4]" at display_time.v(81)
Info (10041): Inferred latch for "seg[5]" at display_time.v(81)
Info (10041): Inferred latch for "seg[6]" at display_time.v(81)
Info (10041): Inferred latch for "seg[7]" at display_time.v(81)
Info (278001): Inferred 8 megafunctions from design logic
    Info (278004): Inferred divider/modulo megafunction ("lpm_divide") from the following logic: "get_time:g|Mod0"
    Info (278004): Inferred divider/modulo megafunction ("lpm_divide") from the following logic: "get_time:g|Div0"
    Info (278004): Inferred divider/modulo megafunction ("lpm_divide") from the following logic: "display_time:d|Mod1"
    Info (278004): Inferred divider/modulo megafunction ("lpm_divide") from the following logic: "get_time:g|Div1"
    Info (278004): Inferred divider/modulo megafunction ("lpm_divide") from the following logic: "display_time:d|Div0"
    Info (278004): Inferred divider/modulo megafunction ("lpm_divide") from the following logic: "display_time:d|Mod0"
    Info (278004): Inferred divider/modulo megafunction ("lpm_divide") from the following logic: "display_time:d|Div1"
    Info (278003): Inferred multiplier megafunction ("lpm_mult") from the following logic: "get_time:g|Mult0"
Info (12130): Elaborated megafunction instantiation "get_time:g|lpm_divide:Mod0"
Info (12133): Instantiated megafunction "get_time:g|lpm_divide:Mod0" with the following parameter:
    Info (12134): Parameter "LPM_WIDTHN" = "16"
    Info (12134): Parameter "LPM_WIDTHD" = "4"
    Info (12134): Parameter "LPM_NREPRESENTATION" = "UNSIGNED"
    Info (12134): Parameter "LPM_DREPRESENTATION" = "UNSIGNED"
Info (12021): Found 1 design units, including 1 entities, in source file db/lpm_divide_s9m.tdf
    Info (12023): Found entity 1: lpm_divide_s9m
Info (12021): Found 1 design units, including 1 entities, in source file db/sign_div_unsign_qlh.tdf
    Info (12023): Found entity 1: sign_div_unsign_qlh
Info (12021): Found 1 design units, including 1 entities, in source file db/alt_u_div_v5f.tdf
    Info (12023): Found entity 1: alt_u_div_v5f
Info (12021): Found 1 design units, including 1 entities, in source file db/add_sub_unc.tdf
    Info (12023): Found entity 1: add_sub_unc
Info (12021): Found 1 design units, including 1 entities, in source file db/add_sub_vnc.tdf
    Info (12023): Found entity 1: add_sub_vnc
Info (12130): Elaborated megafunction instantiation "get_time:g|lpm_divide:Div0"
Info (12133): Instantiated megafunction "get_time:g|lpm_divide:Div0" with the following parameter:
    Info (12134): Parameter "LPM_WIDTHN" = "16"
    Info (12134): Parameter "LPM_WIDTHD" = "10"
    Info (12134): Parameter "LPM_NREPRESENTATION" = "UNSIGNED"
    Info (12134): Parameter "LPM_DREPRESENTATION" = "UNSIGNED"
Info (12021): Found 1 design units, including 1 entities, in source file db/lpm_divide_6jm.tdf
    Info (12023): Found entity 1: lpm_divide_6jm
Info (12021): Found 1 design units, including 1 entities, in source file db/sign_div_unsign_7nh.tdf
    Info (12023): Found entity 1: sign_div_unsign_7nh
Info (12021): Found 1 design units, including 1 entities, in source file db/alt_u_div_p8f.tdf
    Info (12023): Found entity 1: alt_u_div_p8f
Info (12130): Elaborated megafunction instantiation "display_time:d|lpm_divide:Mod1"
Info (12133): Instantiated megafunction "display_time:d|lpm_divide:Mod1" with the following parameter:
    Info (12134): Parameter "LPM_WIDTHN" = "8"
    Info (12134): Parameter "LPM_WIDTHD" = "4"
    Info (12134): Parameter "LPM_NREPRESENTATION" = "UNSIGNED"
    Info (12134): Parameter "LPM_DREPRESENTATION" = "UNSIGNED"
Info (12021): Found 1 design units, including 1 entities, in source file db/lpm_divide_d8m.tdf
    Info (12023): Found entity 1: lpm_divide_d8m
Info (12021): Found 1 design units, including 1 entities, in source file db/sign_div_unsign_bkh.tdf
    Info (12023): Found entity 1: sign_div_unsign_bkh
Info (12021): Found 1 design units, including 1 entities, in source file db/alt_u_div_13f.tdf
    Info (12023): Found entity 1: alt_u_div_13f
Info (12130): Elaborated megafunction instantiation "get_time:g|lpm_divide:Div1"
Info (12133): Instantiated megafunction "get_time:g|lpm_divide:Div1" with the following parameter:
    Info (12134): Parameter "LPM_WIDTHN" = "16"
    Info (12134): Parameter "LPM_WIDTHD" = "4"
    Info (12134): Parameter "LPM_NREPRESENTATION" = "UNSIGNED"
    Info (12134): Parameter "LPM_DREPRESENTATION" = "UNSIGNED"
Info (12021): Found 1 design units, including 1 entities, in source file db/lpm_divide_phm.tdf
    Info (12023): Found entity 1: lpm_divide_phm
Info (12130): Elaborated megafunction instantiation "display_time:d|lpm_divide:Div0"
Info (12133): Instantiated megafunction "display_time:d|lpm_divide:Div0" with the following parameter:
    Info (12134): Parameter "LPM_WIDTHN" = "8"
    Info (12134): Parameter "LPM_WIDTHD" = "4"
    Info (12134): Parameter "LPM_NREPRESENTATION" = "UNSIGNED"
    Info (12134): Parameter "LPM_DREPRESENTATION" = "UNSIGNED"
Info (12021): Found 1 design units, including 1 entities, in source file db/lpm_divide_agm.tdf
    Info (12023): Found entity 1: lpm_divide_agm
Info (12130): Elaborated megafunction instantiation "get_time:g|lpm_mult:Mult0"
Info (12133): Instantiated megafunction "get_time:g|lpm_mult:Mult0" with the following parameter:
    Info (12134): Parameter "LPM_WIDTHA" = "10"
    Info (12134): Parameter "LPM_WIDTHB" = "8"
    Info (12134): Parameter "LPM_WIDTHP" = "18"
    Info (12134): Parameter "LPM_WIDTHR" = "18"
    Info (12134): Parameter "LPM_WIDTHS" = "1"
    Info (12134): Parameter "LPM_REPRESENTATION" = "UNSIGNED"
    Info (12134): Parameter "INPUT_A_IS_CONSTANT" = "YES"
    Info (12134): Parameter "INPUT_B_IS_CONSTANT" = "NO"
    Info (12134): Parameter "MAXIMIZE_SPEED" = "6"
Info (12131): Elaborated megafunction instantiation "get_time:g|lpm_mult:Mult0|multcore:mult_core", which is child of megafunction instantiation "get_time:g|lpm_mult:Mult0"
Info (12131): Elaborated megafunction instantiation "get_time:g|lpm_mult:Mult0|multcore:mult_core|mpar_add:padder", which is child of megafunction instantiation "get_time:g|lpm_mult:Mult0"
Info (12131): Elaborated megafunction instantiation "get_time:g|lpm_mult:Mult0|multcore:mult_core|mpar_add:padder|lpm_add_sub:adder[0]", which is child of megafunction instantiation "get_time:g|lpm_mult:Mult0"
Info (12021): Found 1 design units, including 1 entities, in source file db/add_sub_efh.tdf
    Info (12023): Found entity 1: add_sub_efh
Info (12131): Elaborated megafunction instantiation "get_time:g|lpm_mult:Mult0|altshift:external_latency_ffs", which is child of megafunction instantiation "get_time:g|lpm_mult:Mult0"
Warning (13012): Latch display_time:d|seg[1] has unsafe behavior
    Warning (13013): Ports D and ENA on the latch are fed by the same signal display_time:d|number[1]
Warning (13012): Latch display_time:d|seg[2] has unsafe behavior
    Warning (13013): Ports D and ENA on the latch are fed by the same signal display_time:d|number[1]
Warning (13012): Latch display_time:d|seg[3] has unsafe behavior
    Warning (13013): Ports D and ENA on the latch are fed by the same signal display_time:d|number[1]
Warning (13012): Latch display_time:d|seg[4] has unsafe behavior
    Warning (13013): Ports D and ENA on the latch are fed by the same signal display_time:d|number[1]
Warning (13012): Latch display_time:d|seg[5] has unsafe behavior
    Warning (13013): Ports D and ENA on the latch are fed by the same signal display_time:d|number[1]
Warning (13012): Latch display_time:d|seg[6] has unsafe behavior
    Warning (13013): Ports D and ENA on the latch are fed by the same signal display_time:d|number[2]
Warning (13012): Latch display_time:d|seg[7] has unsafe behavior
    Warning (13013): Ports D and ENA on the latch are fed by the same signal display_time:d|number[1]
Info (13000): Registers with preset signals will power-up high
Info (13003): DEV_CLRn pin will set, and not reset, register with preset signal due to NOT Gate Push-Back
Info (286030): Timing-Driven Synthesis is running
Info (17016): Found the following redundant logic cells in design
    Info (17048): Logic cell "display_time:d|lpm_divide:Div1|lpm_divide_agm:auto_generated|sign_div_unsign_bkh:divider|alt_u_div_13f:divider|add_sub_4_result_int[0]~10"
    Info (17048): Logic cell "display_time:d|lpm_divide:Div1|lpm_divide_agm:auto_generated|sign_div_unsign_bkh:divider|alt_u_div_13f:divider|add_sub_5_result_int[0]~10"
    Info (17048): Logic cell "display_time:d|lpm_divide:Div1|lpm_divide_agm:auto_generated|sign_div_unsign_bkh:divider|alt_u_div_13f:divider|add_sub_6_result_int[0]~10"
    Info (17048): Logic cell "display_time:d|lpm_divide:Div0|lpm_divide_agm:auto_generated|sign_div_unsign_bkh:divider|alt_u_div_13f:divider|add_sub_3_result_int[0]~8"
    Info (17048): Logic cell "display_time:d|lpm_divide:Div0|lpm_divide_agm:auto_generated|sign_div_unsign_bkh:divider|alt_u_div_13f:divider|add_sub_4_result_int[0]~10"
    Info (17048): Logic cell "display_time:d|lpm_divide:Div0|lpm_divide_agm:auto_generated|sign_div_unsign_bkh:divider|alt_u_div_13f:divider|add_sub_5_result_int[0]~10"
    Info (17048): Logic cell "display_time:d|lpm_divide:Div0|lpm_divide_agm:auto_generated|sign_div_unsign_bkh:divider|alt_u_div_13f:divider|add_sub_6_result_int[0]~10"
    Info (17048): Logic cell "display_time:d|lpm_divide:Mod1|lpm_divide_d8m:auto_generated|sign_div_unsign_bkh:divider|alt_u_div_13f:divider|add_sub_4_result_int[0]~10"
    Info (17048): Logic cell "display_time:d|lpm_divide:Mod1|lpm_divide_d8m:auto_generated|sign_div_unsign_bkh:divider|alt_u_div_13f:divider|add_sub_5_result_int[0]~10"
    Info (17048): Logic cell "display_time:d|lpm_divide:Mod1|lpm_divide_d8m:auto_generated|sign_div_unsign_bkh:divider|alt_u_div_13f:divider|add_sub_6_result_int[0]~10"
    Info (17048): Logic cell "display_time:d|lpm_divide:Mod0|lpm_divide_d8m:auto_generated|sign_div_unsign_bkh:divider|alt_u_div_13f:divider|add_sub_3_result_int[0]~8"
    Info (17048): Logic cell "display_time:d|lpm_divide:Mod0|lpm_divide_d8m:auto_generated|sign_div_unsign_bkh:divider|alt_u_div_13f:divider|add_sub_6_result_int[0]~10"
Info (16010): Generating hard_block partition "hard_block:auto_generated_inst"
    Info (16011): Adding 0 node(s), including 0 DDIO, 0 PLL, 0 transceiver and 0 LCELL
Info (21057): Implemented 1099 device resources after synthesis - the final resource count might be different
    Info (21058): Implemented 5 input pins
    Info (21059): Implemented 25 output pins
    Info (21061): Implemented 1069 logic cells
Info: Quartus II 64-Bit Analysis & Synthesis was successful. 0 errors, 31 warnings
    Info: Peak virtual memory: 488 megabytes
    Info: Processing ended: Fri Oct 30 15:37:47 2015
    Info: Elapsed time: 00:00:06
    Info: Total CPU time (on all processors): 00:00:06


